<?xml version="1.0" encoding="UTF-8"?>
<testsuite xmlns:xsi="http://www.w3.org/2001/XMLSchema-instance" xsi:noNamespaceSchemaLocation="https://maven.apache.org/surefire/maven-surefire-plugin/xsd/surefire-test-report.xsd" name="org.AppTest" time="0.083" tests="1" errors="0" skipped="0" failures="0">
  <properties>
    <property name="java.specification.version" value="15"/>
    <property name="sun.cpu.isalist" value="amd64"/>
    <property name="sun.jnu.encoding" value="GBK"/>
    <property name="java.class.path" value="D:\Program\vscode\Java\ticketing\target\test-classes;D:\Program\vscode\Java\ticketing\target\classes;C:\Users\一只banana\.m2\repository\junit\junit\4.11\junit-4.11.jar;C:\Users\一只banana\.m2\repository\org\hamcrest\hamcrest-core\1.3\hamcrest-core-1.3.jar;C:\Users\一只banana\.m2\repository\org\apache\poi\poi-ooxml\3.15\poi-ooxml-3.15.jar;C:\Users\一只banana\.m2\repository\org\apache\poi\poi\3.15\poi-3.15.jar;C:\Users\一只banana\.m2\repository\commons-codec\commons-codec\1.10\commons-codec-1.10.jar;C:\Users\一只banana\.m2\repository\org\apache\commons\commons-collections4\4.1\commons-collections4-4.1.jar;C:\Users\一只banana\.m2\repository\org\apache\poi\poi-ooxml-schemas\3.15\poi-ooxml-schemas-3.15.jar;C:\Users\一只banana\.m2\repository\org\apache\xmlbeans\xmlbeans\2.6.0\xmlbeans-2.6.0.jar;C:\Users\一只banana\.m2\repository\stax\stax-api\1.0.1\stax-api-1.0.1.jar;C:\Users\一只banana\.m2\repository\com\github\virtuald\curvesapi\1.04\curvesapi-1.04.jar;C:\Users\一只banana\.m2\repository\mysql\mysql-connector-java\5.1.47\mysql-connector-java-5.1.47.jar;"/>
    <property name="java.vm.vendor" value="Oracle Corporation"/>
    <property name="sun.arch.data.model" value="64"/>
    <property name="user.variant" value=""/>
    <property name="java.vendor.url" value="https://java.oracle.com/"/>
    <property name="user.timezone" value="Asia/Shanghai"/>
    <property name="os.name" value="Windows 10"/>
    <property name="java.vm.specification.version" value="15"/>
    <property name="sun.java.launcher" value="SUN_STANDARD"/>
    <property name="user.country" value="CN"/>
    <property name="sun.boot.library.path" value="D:\Program\jdk\bin"/>
    <property name="sun.java.command" value="C:\Temp\surefire11680278281822557764\surefirebooter12441910095869163077.jar C:\Temp\surefire11680278281822557764 2021-01-04T17-21-28_088-jvmRun1 surefire12638444562341471800tmp surefire_011792987250556575415tmp"/>
    <property name="jdk.debug" value="release"/>
    <property name="surefire.test.class.path" value="D:\Program\vscode\Java\ticketing\target\test-classes;D:\Program\vscode\Java\ticketing\target\classes;C:\Users\一只banana\.m2\repository\junit\junit\4.11\junit-4.11.jar;C:\Users\一只banana\.m2\repository\org\hamcrest\hamcrest-core\1.3\hamcrest-core-1.3.jar;C:\Users\一只banana\.m2\repository\org\apache\poi\poi-ooxml\3.15\poi-ooxml-3.15.jar;C:\Users\一只banana\.m2\repository\org\apache\poi\poi\3.15\poi-3.15.jar;C:\Users\一只banana\.m2\repository\commons-codec\commons-codec\1.10\commons-codec-1.10.jar;C:\Users\一只banana\.m2\repository\org\apache\commons\commons-collections4\4.1\commons-collections4-4.1.jar;C:\Users\一只banana\.m2\repository\org\apache\poi\poi-ooxml-schemas\3.15\poi-ooxml-schemas-3.15.jar;C:\Users\一只banana\.m2\repository\org\apache\xmlbeans\xmlbeans\2.6.0\xmlbeans-2.6.0.jar;C:\Users\一只banana\.m2\repository\stax\stax-api\1.0.1\stax-api-1.0.1.jar;C:\Users\一只banana\.m2\repository\com\github\virtuald\curvesapi\1.04\curvesapi-1.04.jar;C:\Users\一只banana\.m2\repository\mysql\mysql-connector-java\5.1.47\mysql-connector-java-5.1.47.jar;"/>
    <property name="sun.cpu.endian" value="little"/>
    <property name="user.home" value="C:\Users\一只banana"/>
    <property name="user.language" value="zh"/>
    <property name="java.specification.vendor" value="Oracle Corporation"/>
    <property name="java.version.date" value="2020-10-20"/>
    <property name="java.home" value="D:\Program\jdk"/>
    <property name="file.separator" value="\"/>
    <property name="basedir" value="D:\Program\vscode\Java\ticketing"/>
    <property name="java.vm.compressedOopsMode" value="32-bit"/>
    <property name="line.separator" value="&#10;"/>
    <property name="java.vm.specification.vendor" value="Oracle Corporation"/>
    <property name="java.specification.name" value="Java Platform API Specification"/>
    <property name="surefire.real.class.path" value="C:\Temp\surefire11680278281822557764\surefirebooter12441910095869163077.jar"/>
    <property name="user.script" value=""/>
    <property name="sun.management.compiler" value="HotSpot 64-Bit Tiered Compilers"/>
    <property name="java.runtime.version" value="15.0.1+9-18"/>
    <property name="user.name" value="一只banana"/>
    <property name="path.separator" value=";"/>
    <property name="os.version" value="10.0"/>
    <property name="java.runtime.name" value="Java(TM) SE Runtime Environment"/>
    <property name="file.encoding" value="GBK"/>
    <property name="java.vm.name" value="Java HotSpot(TM) 64-Bit Server VM"/>
    <property name="localRepository" value="C:\Users\一只banana\.m2\repository"/>
    <property name="java.vendor.url.bug" value="https://bugreport.java.com/bugreport/"/>
    <property name="java.io.tmpdir" value="C:\Temp\"/>
    <property name="java.version" value="15.0.1"/>
    <property name="user.dir" value="D:\Program\vscode\Java\ticketing"/>
    <property name="os.arch" value="amd64"/>
    <property name="java.vm.specification.name" value="Java Virtual Machine Specification"/>
    <property name="sun.os.patch.level" value=""/>
    <property name="java.library.path" value="D:\Program\jdk\bin;C:\Windows\Sun\Java\bin;C:\Windows\system32;C:\Windows;C:\Program Files\Common Files\Oracle\Java\javapath;C:\Program Files (x86)\Intel\iCLS Client\;C:\Program Files\Intel\iCLS Client\;C:\Windows\system32;C:\Windows;C:\Windows\System32\Wbem;C:\Windows\System32\WindowsPowerShell\v1.0\;C:\Program Files (x86)\Intel\Intel(R) Management Engine Components\DAL;C:\Program Files\Intel\Intel(R) Management Engine Components\DAL;C:\Program Files (x86)\Intel\Intel(R) Management Engine Components\IPT;C:\Program Files\Intel\Intel(R) Management Engine Components\IPT;C:\Program Files (x86)\NVIDIA Corporation\PhysX\Common;C:\Windows\system32;C:\Windows;C:\Windows\System32\Wbem;C:\Windows\System32\WindowsPowerShell\v1.0\;C:\Windows\System32\OpenSSH\;C:\Program Files\Intel\WiFi\bin\;C:\Program Files\Common Files\Intel\WirelessCommon\;D:\Program\MATLAB\v901\runtime\win64;D:\Program\MATLAB\bin\win32;D:\Program\MATLAB2014a\runtime\win64;D:\Program\MATLAB2014a\bin;D:\Program\MATLAB2014a\polyspace\bin;D:\Program\jdk\bin;D:\Program\jdk\jre\bin;C:\ProgramData\Oracle\Java\javapath;C:\Program Files\Microsoft SQL Server\Client SDK\ODBC\130\Tools\Binn\;C:\Program Files (x86)\Microsoft SQL Server\140\Tools\Binn\;C:\Program Files\Microsoft SQL Server\140\Tools\Binn\;C:\Program Files\Microsoft SQL Server\140\DTS\Binn\;C:\Program Files (x86)\Microsoft SQL Server\140\DTS\Binn\;C:\Program Files (x86)\Microsoft SQL Server\150\DTS\Binn\;D:\Program\mingw\bin\;D:\Program\CTEX\CTeX;D:\Program\CTEX\CTeX\Packages\ctex\bin;D:\Program\CTEX\CTeX;D:\Program\CTEX\CTeX\Packages\cct\bin;D:\Program\CTEX\CTeX;D:\Program\CTEX\CTeX\Packages\ty\bin;D:\Program\Git\cmd;D:\Program\protoc-3.14.0-win64\bin;D:\Program\maven\apache-maven-3.6.3-bin\apache-maven-3.6.3\bin;C:\Users\一只banana\AppData\Local\Programs\Python\Python39\Scripts\;C:\Users\一只banana\AppData\Local\Programs\Python\Python39\;C:\Users\一只banana\AppData\Local\Microsoft\WindowsApps;D:\Program\Microsoft VS Code\bin;."/>
    <property name="java.vm.info" value="mixed mode, sharing"/>
    <property name="java.vendor" value="Oracle Corporation"/>
    <property name="java.vm.version" value="15.0.1+9-18"/>
    <property name="sun.io.unicode.encoding" value="UnicodeLittle"/>
    <property name="java.class.version" value="59.0"/>
  </properties>
  <testcase name="shouldAnswerWithTrue" classname="org.AppTest" time="0.001"/>
</testsuite>